{"/Users/kenkurita/hackreactor/FEC/client/src/RelatedProducts/Lists.jsx": {"path":"/Users/kenkurita/hackreactor/FEC/client/src/RelatedProducts/Lists.jsx","statementMap":{"0":{"start":{"line":10,"column":4},"end":{"line":10,"column":16}},"1":{"start":{"line":11,"column":4},"end":{"line":69,"column":5}},"2":{"start":{"line":74,"column":14},"end":{"line":74,"column":35}},"3":{"start":{"line":75,"column":22},"end":{"line":75,"column":40}},"4":{"start":{"line":76,"column":4},"end":{"line":76,"column":36}},"5":{"start":{"line":77,"column":4},"end":{"line":79,"column":6}},"6":{"start":{"line":87,"column":4},"end":{"line":98,"column":5}}},"fnMap":{"0":{"name":"(anonymous_0)","decl":{"start":{"line":9,"column":2},"end":{"line":9,"column":3}},"loc":{"start":{"line":9,"column":21},"end":{"line":70,"column":3}},"line":9},"1":{"name":"(anonymous_1)","decl":{"start":{"line":73,"column":2},"end":{"line":73,"column":3}},"loc":{"start":{"line":73,"column":22},"end":{"line":80,"column":3}},"line":73},"2":{"name":"(anonymous_2)","decl":{"start":{"line":86,"column":2},"end":{"line":86,"column":3}},"loc":{"start":{"line":86,"column":11},"end":{"line":99,"column":3}},"line":86}},"branchMap":{},"s":{"0":2,"1":2,"2":0,"3":0,"4":0,"5":0,"6":2},"f":{"0":2,"1":0,"2":2},"b":{},"_coverageSchema":"1a1c01bbd47fc00a2c39e90264f33305004495a9","hash":"9369098ac69fb96627a27d9551d7fe73d573e6af"}
,"/Users/kenkurita/hackreactor/FEC/client/src/RelatedProducts/Outfit.jsx": {"path":"/Users/kenkurita/hackreactor/FEC/client/src/RelatedProducts/Outfit.jsx","statementMap":{"0":{"start":{"line":10,"column":20},"end":{"line":17,"column":6}},"1":{"start":{"line":11,"column":6},"end":{"line":16,"column":7}},"2":{"start":{"line":19,"column":4},"end":{"line":21,"column":5}},"3":{"start":{"line":26,"column":4},"end":{"line":30,"column":5}}},"fnMap":{"0":{"name":"(anonymous_0)","decl":{"start":{"line":9,"column":2},"end":{"line":9,"column":3}},"loc":{"start":{"line":9,"column":12},"end":{"line":22,"column":3}},"line":9},"1":{"name":"(anonymous_1)","decl":{"start":{"line":10,"column":47},"end":{"line":10,"column":48}},"loc":{"start":{"line":10,"column":64},"end":{"line":17,"column":5}},"line":10},"2":{"name":"(anonymous_2)","decl":{"start":{"line":25,"column":2},"end":{"line":25,"column":3}},"loc":{"start":{"line":25,"column":11},"end":{"line":31,"column":3}},"line":25}},"branchMap":{},"s":{"0":2,"1":16,"2":2,"3":2},"f":{"0":2,"1":16,"2":2},"b":{},"_coverageSchema":"1a1c01bbd47fc00a2c39e90264f33305004495a9","hash":"68692cf9746e552c745ca0819717548464d83bda"}
,"/Users/kenkurita/hackreactor/FEC/client/src/RelatedProducts/Recommend.jsx": {"path":"/Users/kenkurita/hackreactor/FEC/client/src/RelatedProducts/Recommend.jsx","statementMap":{"0":{"start":{"line":6,"column":4},"end":{"line":6,"column":17}},"1":{"start":{"line":7,"column":4},"end":{"line":26,"column":5}},"2":{"start":{"line":31,"column":4},"end":{"line":61,"column":6}},"3":{"start":{"line":39,"column":23},"end":{"line":39,"column":59}},"4":{"start":{"line":40,"column":6},"end":{"line":43,"column":8}},"5":{"start":{"line":45,"column":6},"end":{"line":60,"column":8}},"6":{"start":{"line":46,"column":8},"end":{"line":49,"column":10}},"7":{"start":{"line":48,"column":10},"end":{"line":48,"column":71}},"8":{"start":{"line":50,"column":8},"end":{"line":59,"column":10}},"9":{"start":{"line":52,"column":31},"end":{"line":52,"column":33}},"10":{"start":{"line":53,"column":10},"end":{"line":55,"column":11}},"11":{"start":{"line":53,"column":23},"end":{"line":53,"column":24}},"12":{"start":{"line":54,"column":12},"end":{"line":54,"column":64}},"13":{"start":{"line":56,"column":26},"end":{"line":56,"column":105}},"14":{"start":{"line":56,"column":44},"end":{"line":56,"column":105}},"15":{"start":{"line":56,"column":75},"end":{"line":56,"column":80}},"16":{"start":{"line":57,"column":20},"end":{"line":57,"column":43}},"17":{"start":{"line":58,"column":10},"end":{"line":58,"column":28}},"18":{"start":{"line":66,"column":17},"end":{"line":90,"column":6}},"19":{"start":{"line":67,"column":6},"end":{"line":89,"column":7}},"20":{"start":{"line":72,"column":14},"end":{"line":75,"column":16}},"21":{"start":{"line":82,"column":22},"end":{"line":82,"column":23}},"22":{"start":{"line":83,"column":14},"end":{"line":85,"column":15}},"23":{"start":{"line":83,"column":27},"end":{"line":83,"column":28}},"24":{"start":{"line":91,"column":4},"end":{"line":95,"column":5}},"25":{"start":{"line":100,"column":18},"end":{"line":100,"column":48}},"26":{"start":{"line":101,"column":14},"end":{"line":101,"column":32}},"27":{"start":{"line":102,"column":4},"end":{"line":102,"column":16}},"28":{"start":{"line":104,"column":4},"end":{"line":104,"column":75}},"29":{"start":{"line":106,"column":4},"end":{"line":109,"column":6}},"30":{"start":{"line":114,"column":18},"end":{"line":114,"column":48}},"31":{"start":{"line":115,"column":14},"end":{"line":115,"column":32}},"32":{"start":{"line":116,"column":4},"end":{"line":116,"column":14}},"33":{"start":{"line":117,"column":4},"end":{"line":117,"column":48}},"34":{"start":{"line":118,"column":4},"end":{"line":121,"column":6}},"35":{"start":{"line":129,"column":14},"end":{"line":129,"column":15}},"36":{"start":{"line":130,"column":20},"end":{"line":162,"column":5}},"37":{"start":{"line":131,"column":6},"end":{"line":161,"column":7}},"38":{"start":{"line":133,"column":8},"end":{"line":133,"column":14}},"39":{"start":{"line":134,"column":8},"end":{"line":140,"column":9}},"40":{"start":{"line":141,"column":13},"end":{"line":161,"column":7}},"41":{"start":{"line":143,"column":8},"end":{"line":143,"column":14}},"42":{"start":{"line":144,"column":8},"end":{"line":150,"column":9}},"43":{"start":{"line":151,"column":13},"end":{"line":161,"column":7}},"44":{"start":{"line":153,"column":8},"end":{"line":153,"column":14}},"45":{"start":{"line":154,"column":8},"end":{"line":160,"column":9}},"46":{"start":{"line":167,"column":22},"end":{"line":204,"column":5}},"47":{"start":{"line":168,"column":22},"end":{"line":168,"column":24}},"48":{"start":{"line":169,"column":30},"end":{"line":169,"column":32}},"49":{"start":{"line":170,"column":20},"end":{"line":170,"column":22}},"50":{"start":{"line":171,"column":21},"end":{"line":171,"column":23}},"51":{"start":{"line":173,"column":6},"end":{"line":180,"column":8}},"52":{"start":{"line":174,"column":8},"end":{"line":179,"column":10}},"53":{"start":{"line":175,"column":10},"end":{"line":178,"column":11}},"54":{"start":{"line":176,"column":12},"end":{"line":176,"column":38}},"55":{"start":{"line":177,"column":12},"end":{"line":177,"column":40}},"56":{"start":{"line":181,"column":6},"end":{"line":185,"column":8}},"57":{"start":{"line":182,"column":8},"end":{"line":184,"column":9}},"58":{"start":{"line":183,"column":10},"end":{"line":183,"column":28}},"59":{"start":{"line":186,"column":6},"end":{"line":190,"column":8}},"60":{"start":{"line":187,"column":8},"end":{"line":189,"column":9}},"61":{"start":{"line":188,"column":10},"end":{"line":188,"column":29}},"62":{"start":{"line":191,"column":26},"end":{"line":191,"column":64}},"63":{"start":{"line":192,"column":18},"end":{"line":192,"column":19}},"64":{"start":{"line":193,"column":19},"end":{"line":193,"column":21}},"65":{"start":{"line":194,"column":6},"end":{"line":201,"column":7}},"66":{"start":{"line":194,"column":19},"end":{"line":194,"column":20}},"67":{"start":{"line":195,"column":21},"end":{"line":195,"column":48}},"68":{"start":{"line":196,"column":8},"end":{"line":196,"column":16}},"69":{"start":{"line":197,"column":8},"end":{"line":200,"column":10}},"70":{"start":{"line":199,"column":10},"end":{"line":199,"column":53}},"71":{"start":{"line":203,"column":6},"end":{"line":203,"column":20}},"72":{"start":{"line":208,"column":4},"end":{"line":222,"column":5}},"73":{"start":{"line":231,"column":4},"end":{"line":231,"column":16}},"74":{"start":{"line":238,"column":4},"end":{"line":245,"column":5}}},"fnMap":{"0":{"name":"(anonymous_0)","decl":{"start":{"line":5,"column":2},"end":{"line":5,"column":3}},"loc":{"start":{"line":5,"column":21},"end":{"line":27,"column":3}},"line":5},"1":{"name":"(anonymous_1)","decl":{"start":{"line":30,"column":2},"end":{"line":30,"column":3}},"loc":{"start":{"line":30,"column":9},"end":{"line":62,"column":3}},"line":30},"2":{"name":"(anonymous_2)","decl":{"start":{"line":37,"column":12},"end":{"line":37,"column":13}},"loc":{"start":{"line":37,"column":26},"end":{"line":44,"column":5}},"line":37},"3":{"name":"(anonymous_3)","decl":{"start":{"line":44,"column":12},"end":{"line":44,"column":13}},"loc":{"start":{"line":44,"column":18},"end":{"line":61,"column":5}},"line":44},"4":{"name":"(anonymous_4)","decl":{"start":{"line":45,"column":37},"end":{"line":45,"column":38}},"loc":{"start":{"line":45,"column":47},"end":{"line":60,"column":7}},"line":45},"5":{"name":"(anonymous_5)","decl":{"start":{"line":47,"column":14},"end":{"line":47,"column":15}},"loc":{"start":{"line":47,"column":28},"end":{"line":49,"column":9}},"line":47},"6":{"name":"(anonymous_6)","decl":{"start":{"line":51,"column":14},"end":{"line":51,"column":15}},"loc":{"start":{"line":51,"column":28},"end":{"line":59,"column":9}},"line":51},"7":{"name":"(anonymous_7)","decl":{"start":{"line":56,"column":26},"end":{"line":56,"column":27}},"loc":{"start":{"line":56,"column":44},"end":{"line":56,"column":105}},"line":56},"8":{"name":"(anonymous_8)","decl":{"start":{"line":56,"column":66},"end":{"line":56,"column":67}},"loc":{"start":{"line":56,"column":75},"end":{"line":56,"column":80}},"line":56},"9":{"name":"(anonymous_9)","decl":{"start":{"line":65,"column":2},"end":{"line":65,"column":3}},"loc":{"start":{"line":65,"column":17},"end":{"line":96,"column":3}},"line":65},"10":{"name":"(anonymous_10)","decl":{"start":{"line":66,"column":27},"end":{"line":66,"column":28}},"loc":{"start":{"line":66,"column":44},"end":{"line":90,"column":5}},"line":66},"11":{"name":"(anonymous_11)","decl":{"start":{"line":71,"column":68},"end":{"line":71,"column":69}},"loc":{"start":{"line":71,"column":74},"end":{"line":76,"column":13}},"line":71},"12":{"name":"(anonymous_12)","decl":{"start":{"line":81,"column":13},"end":{"line":81,"column":14}},"loc":{"start":{"line":81,"column":19},"end":{"line":86,"column":13}},"line":81},"13":{"name":"(anonymous_13)","decl":{"start":{"line":99,"column":2},"end":{"line":99,"column":3}},"loc":{"start":{"line":99,"column":15},"end":{"line":110,"column":3}},"line":99},"14":{"name":"(anonymous_14)","decl":{"start":{"line":113,"column":2},"end":{"line":113,"column":3}},"loc":{"start":{"line":113,"column":14},"end":{"line":122,"column":3}},"line":113},"15":{"name":"(anonymous_15)","decl":{"start":{"line":126,"column":2},"end":{"line":126,"column":3}},"loc":{"start":{"line":126,"column":15},"end":{"line":223,"column":3}},"line":126},"16":{"name":"(anonymous_16)","decl":{"start":{"line":130,"column":20},"end":{"line":130,"column":21}},"loc":{"start":{"line":130,"column":46},"end":{"line":162,"column":5}},"line":130},"17":{"name":"(anonymous_17)","decl":{"start":{"line":167,"column":22},"end":{"line":167,"column":23}},"loc":{"start":{"line":167,"column":33},"end":{"line":204,"column":5}},"line":167},"18":{"name":"(anonymous_18)","decl":{"start":{"line":173,"column":33},"end":{"line":173,"column":34}},"loc":{"start":{"line":173,"column":43},"end":{"line":180,"column":7}},"line":173},"19":{"name":"(anonymous_19)","decl":{"start":{"line":174,"column":42},"end":{"line":174,"column":43}},"loc":{"start":{"line":174,"column":53},"end":{"line":179,"column":9}},"line":174},"20":{"name":"(anonymous_20)","decl":{"start":{"line":181,"column":33},"end":{"line":181,"column":34}},"loc":{"start":{"line":181,"column":43},"end":{"line":185,"column":7}},"line":181},"21":{"name":"(anonymous_21)","decl":{"start":{"line":186,"column":40},"end":{"line":186,"column":41}},"loc":{"start":{"line":186,"column":50},"end":{"line":190,"column":7}},"line":186},"22":{"name":"(anonymous_22)","decl":{"start":{"line":197,"column":29},"end":{"line":197,"column":30}},"loc":{"start":{"line":197,"column":39},"end":{"line":200,"column":9}},"line":197},"23":{"name":"(anonymous_23)","decl":{"start":{"line":230,"column":2},"end":{"line":230,"column":3}},"loc":{"start":{"line":230,"column":22},"end":{"line":232,"column":3}},"line":230},"24":{"name":"(anonymous_24)","decl":{"start":{"line":237,"column":2},"end":{"line":237,"column":3}},"loc":{"start":{"line":237,"column":11},"end":{"line":246,"column":3}},"line":237}},"branchMap":{"0":{"loc":{"start":{"line":131,"column":6},"end":{"line":161,"column":7}},"type":"if","locations":[{"start":{"line":131,"column":6},"end":{"line":161,"column":7}},{"start":{"line":141,"column":13},"end":{"line":161,"column":7}}],"line":131},"1":{"loc":{"start":{"line":141,"column":13},"end":{"line":161,"column":7}},"type":"if","locations":[{"start":{"line":141,"column":13},"end":{"line":161,"column":7}},{"start":{"line":151,"column":13},"end":{"line":161,"column":7}}],"line":141},"2":{"loc":{"start":{"line":151,"column":13},"end":{"line":161,"column":7}},"type":"if","locations":[{"start":{"line":151,"column":13},"end":{"line":161,"column":7}},{"start":{},"end":{}}],"line":151},"3":{"loc":{"start":{"line":175,"column":10},"end":{"line":178,"column":11}},"type":"if","locations":[{"start":{"line":175,"column":10},"end":{"line":178,"column":11}},{"start":{},"end":{}}],"line":175},"4":{"loc":{"start":{"line":175,"column":14},"end":{"line":175,"column":74}},"type":"binary-expr","locations":[{"start":{"line":175,"column":14},"end":{"line":175,"column":44}},{"start":{"line":175,"column":48},"end":{"line":175,"column":74}}],"line":175},"5":{"loc":{"start":{"line":182,"column":8},"end":{"line":184,"column":9}},"type":"if","locations":[{"start":{"line":182,"column":8},"end":{"line":184,"column":9}},{"start":{},"end":{}}],"line":182},"6":{"loc":{"start":{"line":187,"column":8},"end":{"line":189,"column":9}},"type":"if","locations":[{"start":{"line":187,"column":8},"end":{"line":189,"column":9}},{"start":{},"end":{}}],"line":187},"7":{"loc":{"start":{"line":240,"column":9},"end":{"line":240,"column":122}},"type":"cond-expr","locations":[{"start":{"line":240,"column":44},"end":{"line":240,"column":48}},{"start":{"line":240,"column":50},"end":{"line":240,"column":122}}],"line":240},"8":{"loc":{"start":{"line":242,"column":9},"end":{"line":242,"column":60}},"type":"cond-expr","locations":[{"start":{"line":242,"column":28},"end":{"line":242,"column":54}},{"start":{"line":242,"column":56},"end":{"line":242,"column":60}}],"line":242},"9":{"loc":{"start":{"line":243,"column":9},"end":{"line":243,"column":177}},"type":"cond-expr","locations":[{"start":{"line":243,"column":97},"end":{"line":243,"column":101}},{"start":{"line":243,"column":103},"end":{"line":243,"column":177}}],"line":243}},"s":{"0":2,"1":2,"2":2,"3":0,"4":0,"5":0,"6":0,"7":0,"8":0,"9":0,"10":0,"11":0,"12":0,"13":0,"14":0,"15":0,"16":0,"17":0,"18":2,"19":0,"20":0,"21":0,"22":0,"23":0,"24":2,"25":0,"26":0,"27":0,"28":0,"29":0,"30":0,"31":0,"32":0,"33":0,"34":0,"35":0,"36":0,"37":0,"38":0,"39":0,"40":0,"41":0,"42":0,"43":0,"44":0,"45":0,"46":0,"47":0,"48":0,"49":0,"50":0,"51":0,"52":0,"53":0,"54":0,"55":0,"56":0,"57":0,"58":0,"59":0,"60":0,"61":0,"62":0,"63":0,"64":0,"65":0,"66":0,"67":0,"68":0,"69":0,"70":0,"71":0,"72":0,"73":2,"74":2},"f":{"0":2,"1":2,"2":0,"3":0,"4":0,"5":0,"6":0,"7":0,"8":0,"9":2,"10":0,"11":0,"12":0,"13":0,"14":0,"15":0,"16":0,"17":0,"18":0,"19":0,"20":0,"21":0,"22":0,"23":2,"24":2},"b":{"0":[0,0],"1":[0,0],"2":[0,0],"3":[0,0],"4":[0,0],"5":[0,0],"6":[0,0],"7":[2,0],"8":[0,2],"9":[2,0]},"_coverageSchema":"1a1c01bbd47fc00a2c39e90264f33305004495a9","hash":"cbac633fabbb70d58d4372fc565ed065446fa37a"}
}
