{"/Users/cpae/Documents/RPP2205/FEC/client/src/Reviews/ReviewIndex.jsx": {"path":"/Users/cpae/Documents/RPP2205/FEC/client/src/Reviews/ReviewIndex.jsx","statementMap":{"0":{"start":{"line":10,"column":4},"end":{"line":10,"column":17}},"1":{"start":{"line":11,"column":4},"end":{"line":13,"column":5}},"2":{"start":{"line":14,"column":2},"end":{"line":14,"column":47}},"3":{"start":{"line":18,"column":2},"end":{"line":18,"column":19}},"4":{"start":{"line":22,"column":2},"end":{"line":29,"column":4}},"5":{"start":{"line":25,"column":6},"end":{"line":25,"column":49}},"6":{"start":{"line":28,"column":6},"end":{"line":28,"column":47}},"7":{"start":{"line":33,"column":2},"end":{"line":50,"column":3}}},"fnMap":{"0":{"name":"(anonymous_0)","decl":{"start":{"line":9,"column":2},"end":{"line":9,"column":3}},"loc":{"start":{"line":9,"column":20},"end":{"line":15,"column":1}},"line":9},"1":{"name":"(anonymous_1)","decl":{"start":{"line":17,"column":0},"end":{"line":17,"column":1}},"loc":{"start":{"line":17,"column":20},"end":{"line":19,"column":1}},"line":17},"2":{"name":"(anonymous_2)","decl":{"start":{"line":21,"column":0},"end":{"line":21,"column":1}},"loc":{"start":{"line":21,"column":13},"end":{"line":30,"column":1}},"line":21},"3":{"name":"(anonymous_3)","decl":{"start":{"line":23,"column":8},"end":{"line":23,"column":9}},"loc":{"start":{"line":23,"column":18},"end":{"line":26,"column":3}},"line":23},"4":{"name":"(anonymous_4)","decl":{"start":{"line":27,"column":9},"end":{"line":27,"column":10}},"loc":{"start":{"line":27,"column":18},"end":{"line":29,"column":3}},"line":27},"5":{"name":"(anonymous_5)","decl":{"start":{"line":32,"column":0},"end":{"line":32,"column":1}},"loc":{"start":{"line":32,"column":9},"end":{"line":51,"column":1}},"line":32}},"branchMap":{},"s":{"0":1,"1":1,"2":1,"3":1,"4":1,"5":0,"6":0,"7":1},"f":{"0":1,"1":1,"2":1,"3":0,"4":0,"5":1},"b":{},"_coverageSchema":"1a1c01bbd47fc00a2c39e90264f33305004495a9","hash":"f677a6a707384deefdac7a3a8b0559b349c9ad2f"}
,"/Users/cpae/Documents/RPP2205/FEC/client/src/Reviews/components/List.jsx": {"path":"/Users/cpae/Documents/RPP2205/FEC/client/src/Reviews/components/List.jsx","statementMap":{"0":{"start":{"line":7,"column":4},"end":{"line":7,"column":17}},"1":{"start":{"line":8,"column":4},"end":{"line":11,"column":5}},"2":{"start":{"line":12,"column":4},"end":{"line":12,"column":65}},"3":{"start":{"line":16,"column":4},"end":{"line":24,"column":5}},"4":{"start":{"line":17,"column":6},"end":{"line":17,"column":59}},"5":{"start":{"line":19,"column":6},"end":{"line":19,"column":62}},"6":{"start":{"line":21,"column":6},"end":{"line":23,"column":7}},"7":{"start":{"line":22,"column":8},"end":{"line":22,"column":84}},"8":{"start":{"line":28,"column":4},"end":{"line":66,"column":5}},"9":{"start":{"line":29,"column":6},"end":{"line":33,"column":7}},"10":{"start":{"line":34,"column":11},"end":{"line":66,"column":5}},"11":{"start":{"line":35,"column":6},"end":{"line":44,"column":7}},"12":{"start":{"line":38,"column":10},"end":{"line":40,"column":27}},"13":{"start":{"line":46,"column":6},"end":{"line":65,"column":7}},"14":{"start":{"line":50,"column":10},"end":{"line":52,"column":27}}},"fnMap":{"0":{"name":"(anonymous_0)","decl":{"start":{"line":6,"column":2},"end":{"line":6,"column":3}},"loc":{"start":{"line":6,"column":21},"end":{"line":13,"column":3}},"line":6},"1":{"name":"(anonymous_1)","decl":{"start":{"line":15,"column":2},"end":{"line":15,"column":3}},"loc":{"start":{"line":15,"column":23},"end":{"line":25,"column":3}},"line":15},"2":{"name":"(anonymous_2)","decl":{"start":{"line":27,"column":2},"end":{"line":27,"column":3}},"loc":{"start":{"line":27,"column":11},"end":{"line":67,"column":3}},"line":27},"3":{"name":"(anonymous_3)","decl":{"start":{"line":37,"column":67},"end":{"line":37,"column":68}},"loc":{"start":{"line":38,"column":10},"end":{"line":40,"column":27}},"line":38},"4":{"name":"(anonymous_4)","decl":{"start":{"line":49,"column":67},"end":{"line":49,"column":68}},"loc":{"start":{"line":50,"column":10},"end":{"line":52,"column":27}},"line":50}},"branchMap":{"0":{"loc":{"start":{"line":16,"column":4},"end":{"line":24,"column":5}},"type":"if","locations":[{"start":{"line":16,"column":4},"end":{"line":24,"column":5}},{"start":{"line":18,"column":11},"end":{"line":24,"column":5}}],"line":16},"1":{"loc":{"start":{"line":21,"column":6},"end":{"line":23,"column":7}},"type":"if","locations":[{"start":{"line":21,"column":6},"end":{"line":23,"column":7}},{"start":{},"end":{}}],"line":21},"2":{"loc":{"start":{"line":28,"column":4},"end":{"line":66,"column":5}},"type":"if","locations":[{"start":{"line":28,"column":4},"end":{"line":66,"column":5}},{"start":{"line":34,"column":11},"end":{"line":66,"column":5}}],"line":28},"3":{"loc":{"start":{"line":34,"column":11},"end":{"line":66,"column":5}},"type":"if","locations":[{"start":{"line":34,"column":11},"end":{"line":66,"column":5}},{"start":{"line":45,"column":11},"end":{"line":66,"column":5}}],"line":34},"4":{"loc":{"start":{"line":56,"column":13},"end":{"line":60,"column":15}},"type":"cond-expr","locations":[{"start":{"line":57,"column":14},"end":{"line":57,"column":69}},{"start":{"line":59,"column":16},"end":{"line":59,"column":75}}],"line":56},"5":{"loc":{"start":{"line":56,"column":14},"end":{"line":56,"column":93}},"type":"binary-expr","locations":[{"start":{"line":56,"column":14},"end":{"line":56,"column":38}},{"start":{"line":56,"column":42},"end":{"line":56,"column":93}}],"line":56}},"s":{"0":1,"1":1,"2":1,"3":0,"4":0,"5":0,"6":0,"7":0,"8":1,"9":1,"10":0,"11":0,"12":0,"13":0,"14":0},"f":{"0":1,"1":0,"2":1,"3":0,"4":0},"b":{"0":[0,0],"1":[0,0],"2":[1,0],"3":[0,0],"4":[0,0],"5":[0,0]},"_coverageSchema":"1a1c01bbd47fc00a2c39e90264f33305004495a9","hash":"f0aa2a625c67d7718c73868e6c2a679a336a45a4"}
,"/Users/cpae/Documents/RPP2205/FEC/client/src/Reviews/components/Ratings.jsx": {"path":"/Users/cpae/Documents/RPP2205/FEC/client/src/Reviews/components/Ratings.jsx","statementMap":{"0":{"start":{"line":7,"column":4},"end":{"line":7,"column":17}},"1":{"start":{"line":8,"column":4},"end":{"line":10,"column":5}},"2":{"start":{"line":16,"column":4},"end":{"line":20,"column":5}}},"fnMap":{"0":{"name":"(anonymous_0)","decl":{"start":{"line":6,"column":2},"end":{"line":6,"column":3}},"loc":{"start":{"line":6,"column":21},"end":{"line":12,"column":3}},"line":6},"1":{"name":"(anonymous_1)","decl":{"start":{"line":15,"column":2},"end":{"line":15,"column":3}},"loc":{"start":{"line":15,"column":11},"end":{"line":21,"column":1}},"line":15}},"branchMap":{},"s":{"0":1,"1":1,"2":1},"f":{"0":1,"1":1},"b":{},"_coverageSchema":"1a1c01bbd47fc00a2c39e90264f33305004495a9","hash":"11ecd4fc5634685d0fda99ba547b8be5580edc76"}
,"/Users/cpae/Documents/RPP2205/FEC/client/src/Reviews/components/Sort.jsx": {"path":"/Users/cpae/Documents/RPP2205/FEC/client/src/Reviews/components/Sort.jsx","statementMap":{"0":{"start":{"line":6,"column":4},"end":{"line":6,"column":17}},"1":{"start":{"line":7,"column":4},"end":{"line":9,"column":5}},"2":{"start":{"line":10,"column":4},"end":{"line":10,"column":57}},"3":{"start":{"line":18,"column":4},"end":{"line":28,"column":5}}},"fnMap":{"0":{"name":"(anonymous_0)","decl":{"start":{"line":5,"column":2},"end":{"line":5,"column":3}},"loc":{"start":{"line":5,"column":21},"end":{"line":11,"column":3}},"line":5},"1":{"name":"(anonymous_1)","decl":{"start":{"line":13,"column":2},"end":{"line":13,"column":3}},"loc":{"start":{"line":13,"column":18},"end":{"line":15,"column":3}},"line":13},"2":{"name":"(anonymous_2)","decl":{"start":{"line":17,"column":2},"end":{"line":17,"column":3}},"loc":{"start":{"line":17,"column":11},"end":{"line":29,"column":1}},"line":17}},"branchMap":{},"s":{"0":1,"1":1,"2":1,"3":1},"f":{"0":1,"1":0,"2":1},"b":{},"_coverageSchema":"1a1c01bbd47fc00a2c39e90264f33305004495a9","hash":"f1d658e4cd5656e44e18e30cc408c0d7f2bad4be"}
,"/Users/cpae/Documents/RPP2205/FEC/client/src/Reviews/components/Tile.jsx": {"path":"/Users/cpae/Documents/RPP2205/FEC/client/src/Reviews/components/Tile.jsx","statementMap":{"0":{"start":{"line":7,"column":4},"end":{"line":7,"column":17}},"1":{"start":{"line":8,"column":4},"end":{"line":16,"column":5}},"2":{"start":{"line":17,"column":4},"end":{"line":17,"column":49}},"3":{"start":{"line":18,"column":4},"end":{"line":18,"column":51}},"4":{"start":{"line":19,"column":4},"end":{"line":19,"column":53}},"5":{"start":{"line":22,"column":17},"end":{"line":37,"column":3}},"6":{"start":{"line":23,"column":4},"end":{"line":23,"column":58}},"7":{"start":{"line":24,"column":4},"end":{"line":36,"column":5}},"8":{"start":{"line":26,"column":4},"end":{"line":35,"column":8}},"9":{"start":{"line":30,"column":8},"end":{"line":30,"column":66}},"10":{"start":{"line":31,"column":8},"end":{"line":31,"column":94}},"11":{"start":{"line":34,"column":8},"end":{"line":34,"column":61}},"12":{"start":{"line":41,"column":4},"end":{"line":45,"column":5}},"13":{"start":{"line":42,"column":6},"end":{"line":42,"column":65}},"14":{"start":{"line":44,"column":6},"end":{"line":44,"column":90}},"15":{"start":{"line":49,"column":4},"end":{"line":49,"column":46}},"16":{"start":{"line":50,"column":4},"end":{"line":54,"column":5}},"17":{"start":{"line":51,"column":6},"end":{"line":51,"column":39}},"18":{"start":{"line":53,"column":6},"end":{"line":53,"column":38}},"19":{"start":{"line":58,"column":4},"end":{"line":128,"column":5}},"20":{"start":{"line":101,"column":10},"end":{"line":103,"column":16}},"21":{"start":{"line":102,"column":56},"end":{"line":102,"column":83}},"22":{"start":{"line":125,"column":56},"end":{"line":125,"column":102}}},"fnMap":{"0":{"name":"(anonymous_0)","decl":{"start":{"line":6,"column":2},"end":{"line":6,"column":3}},"loc":{"start":{"line":6,"column":21},"end":{"line":20,"column":3}},"line":6},"1":{"name":"(anonymous_1)","decl":{"start":{"line":22,"column":17},"end":{"line":22,"column":18}},"loc":{"start":{"line":22,"column":25},"end":{"line":37,"column":3}},"line":22},"2":{"name":"(anonymous_2)","decl":{"start":{"line":29,"column":12},"end":{"line":29,"column":13}},"loc":{"start":{"line":29,"column":22},"end":{"line":32,"column":7}},"line":29},"3":{"name":"(anonymous_3)","decl":{"start":{"line":33,"column":13},"end":{"line":33,"column":14}},"loc":{"start":{"line":33,"column":22},"end":{"line":35,"column":7}},"line":33},"4":{"name":"(anonymous_4)","decl":{"start":{"line":40,"column":2},"end":{"line":40,"column":3}},"loc":{"start":{"line":40,"column":15},"end":{"line":46,"column":3}},"line":40},"5":{"name":"(anonymous_5)","decl":{"start":{"line":48,"column":2},"end":{"line":48,"column":3}},"loc":{"start":{"line":48,"column":24},"end":{"line":55,"column":3}},"line":48},"6":{"name":"(anonymous_6)","decl":{"start":{"line":57,"column":2},"end":{"line":57,"column":3}},"loc":{"start":{"line":57,"column":11},"end":{"line":129,"column":3}},"line":57},"7":{"name":"(anonymous_7)","decl":{"start":{"line":100,"column":50},"end":{"line":100,"column":51}},"loc":{"start":{"line":101,"column":10},"end":{"line":103,"column":16}},"line":101},"8":{"name":"(anonymous_8)","decl":{"start":{"line":102,"column":50},"end":{"line":102,"column":51}},"loc":{"start":{"line":102,"column":56},"end":{"line":102,"column":83}},"line":102},"9":{"name":"(anonymous_9)","decl":{"start":{"line":125,"column":50},"end":{"line":125,"column":51}},"loc":{"start":{"line":125,"column":56},"end":{"line":125,"column":102}},"line":125}},"branchMap":{"0":{"loc":{"start":{"line":24,"column":4},"end":{"line":36,"column":5}},"type":"if","locations":[{"start":{"line":24,"column":4},"end":{"line":36,"column":5}},{"start":{},"end":{}}],"line":24},"1":{"loc":{"start":{"line":41,"column":4},"end":{"line":45,"column":5}},"type":"if","locations":[{"start":{"line":41,"column":4},"end":{"line":45,"column":5}},{"start":{"line":43,"column":11},"end":{"line":45,"column":5}}],"line":41},"2":{"loc":{"start":{"line":50,"column":4},"end":{"line":54,"column":5}},"type":"if","locations":[{"start":{"line":50,"column":4},"end":{"line":54,"column":5}},{"start":{"line":52,"column":11},"end":{"line":54,"column":5}}],"line":50},"3":{"loc":{"start":{"line":87,"column":9},"end":{"line":94,"column":32}},"type":"cond-expr","locations":[{"start":{"line":88,"column":8},"end":{"line":94,"column":25}},{"start":{"line":94,"column":28},"end":{"line":94,"column":32}}],"line":87},"4":{"loc":{"start":{"line":89,"column":11},"end":{"line":93,"column":11}},"type":"cond-expr","locations":[{"start":{"line":90,"column":12},"end":{"line":90,"column":32}},{"start":{"line":92,"column":12},"end":{"line":92,"column":32}}],"line":89},"5":{"loc":{"start":{"line":89,"column":12},"end":{"line":89,"column":70}},"type":"binary-expr","locations":[{"start":{"line":89,"column":12},"end":{"line":89,"column":31}},{"start":{"line":89,"column":35},"end":{"line":89,"column":70}}],"line":89},"6":{"loc":{"start":{"line":107,"column":7},"end":{"line":111,"column":16}},"type":"cond-expr","locations":[{"start":{"line":108,"column":8},"end":{"line":110,"column":14}},{"start":{"line":111,"column":12},"end":{"line":111,"column":16}}],"line":107},"7":{"loc":{"start":{"line":115,"column":7},"end":{"line":116,"column":163}},"type":"cond-expr","locations":[{"start":{"line":116,"column":8},"end":{"line":116,"column":156}},{"start":{"line":116,"column":159},"end":{"line":116,"column":163}}],"line":115},"8":{"loc":{"start":{"line":119,"column":10},"end":{"line":120,"column":83}},"type":"cond-expr","locations":[{"start":{"line":120,"column":10},"end":{"line":120,"column":76}},{"start":{"line":120,"column":79},"end":{"line":120,"column":83}}],"line":119}},"s":{"0":0,"1":0,"2":0,"3":0,"4":0,"5":0,"6":0,"7":0,"8":0,"9":0,"10":0,"11":0,"12":0,"13":0,"14":0,"15":0,"16":0,"17":0,"18":0,"19":0,"20":0,"21":0,"22":0},"f":{"0":0,"1":0,"2":0,"3":0,"4":0,"5":0,"6":0,"7":0,"8":0,"9":0},"b":{"0":[0,0],"1":[0,0],"2":[0,0],"3":[0,0],"4":[0,0],"5":[0,0],"6":[0,0],"7":[0,0],"8":[0,0]},"_coverageSchema":"1a1c01bbd47fc00a2c39e90264f33305004495a9","hash":"f8f812aaa451db2ce52da4d211a1fcd70084d92b"}
}
