TN:
SF:client/src/RelatedProducts/Lists.jsx
FN:9,(anonymous_0)
FN:73,(anonymous_1)
FN:86,(anonymous_2)
FNF:3
FNH:2
FNDA:2,(anonymous_0)
FNDA:0,(anonymous_1)
FNDA:2,(anonymous_2)
DA:10,2
DA:11,2
DA:74,0
DA:75,0
DA:76,0
DA:77,0
DA:87,2
LF:7
LH:3
BRF:0
BRH:0
end_of_record
TN:
SF:client/src/RelatedProducts/Outfit.jsx
FN:9,(anonymous_0)
FN:10,(anonymous_1)
FN:25,(anonymous_2)
FNF:3
FNH:3
FNDA:2,(anonymous_0)
FNDA:16,(anonymous_1)
FNDA:2,(anonymous_2)
DA:10,2
DA:11,16
DA:19,2
DA:26,2
LF:4
LH:4
BRF:0
BRH:0
end_of_record
TN:
SF:client/src/RelatedProducts/Recommend.jsx
FN:5,(anonymous_0)
FN:30,(anonymous_1)
FN:37,(anonymous_2)
FN:44,(anonymous_3)
FN:45,(anonymous_4)
FN:47,(anonymous_5)
FN:51,(anonymous_6)
FN:56,(anonymous_7)
FN:56,(anonymous_8)
FN:65,(anonymous_9)
FN:66,(anonymous_10)
FN:71,(anonymous_11)
FN:81,(anonymous_12)
FN:99,(anonymous_13)
FN:113,(anonymous_14)
FN:126,(anonymous_15)
FN:130,(anonymous_16)
FN:167,(anonymous_17)
FN:173,(anonymous_18)
FN:174,(anonymous_19)
FN:181,(anonymous_20)
FN:186,(anonymous_21)
FN:197,(anonymous_22)
FN:230,(anonymous_23)
FN:237,(anonymous_24)
FNF:25
FNH:5
FNDA:2,(anonymous_0)
FNDA:2,(anonymous_1)
FNDA:0,(anonymous_2)
FNDA:0,(anonymous_3)
FNDA:0,(anonymous_4)
FNDA:0,(anonymous_5)
FNDA:0,(anonymous_6)
FNDA:0,(anonymous_7)
FNDA:0,(anonymous_8)
FNDA:2,(anonymous_9)
FNDA:0,(anonymous_10)
FNDA:0,(anonymous_11)
FNDA:0,(anonymous_12)
FNDA:0,(anonymous_13)
FNDA:0,(anonymous_14)
FNDA:0,(anonymous_15)
FNDA:0,(anonymous_16)
FNDA:0,(anonymous_17)
FNDA:0,(anonymous_18)
FNDA:0,(anonymous_19)
FNDA:0,(anonymous_20)
FNDA:0,(anonymous_21)
FNDA:0,(anonymous_22)
FNDA:2,(anonymous_23)
FNDA:2,(anonymous_24)
DA:6,2
DA:7,2
DA:31,2
DA:39,0
DA:40,0
DA:45,0
DA:46,0
DA:48,0
DA:50,0
DA:52,0
DA:53,0
DA:54,0
DA:56,0
DA:57,0
DA:58,0
DA:66,2
DA:67,0
DA:72,0
DA:82,0
DA:83,0
DA:91,2
DA:100,0
DA:101,0
DA:102,0
DA:104,0
DA:106,0
DA:114,0
DA:115,0
DA:116,0
DA:117,0
DA:118,0
DA:129,0
DA:130,0
DA:131,0
DA:133,0
DA:134,0
DA:141,0
DA:143,0
DA:144,0
DA:151,0
DA:153,0
DA:154,0
DA:167,0
DA:168,0
DA:169,0
DA:170,0
DA:171,0
DA:173,0
DA:174,0
DA:175,0
DA:176,0
DA:177,0
DA:181,0
DA:182,0
DA:183,0
DA:186,0
DA:187,0
DA:188,0
DA:191,0
DA:192,0
DA:193,0
DA:194,0
DA:195,0
DA:196,0
DA:197,0
DA:199,0
DA:203,0
DA:208,0
DA:231,2
DA:238,2
LF:70
LH:7
BRDA:131,0,0,0
BRDA:131,0,1,0
BRDA:141,1,0,0
BRDA:141,1,1,0
BRDA:151,2,0,0
BRDA:151,2,1,0
BRDA:175,3,0,0
BRDA:175,3,1,0
BRDA:175,4,0,0
BRDA:175,4,1,0
BRDA:182,5,0,0
BRDA:182,5,1,0
BRDA:187,6,0,0
BRDA:187,6,1,0
BRDA:240,7,0,2
BRDA:240,7,1,0
BRDA:242,8,0,0
BRDA:242,8,1,2
BRDA:243,9,0,2
BRDA:243,9,1,0
BRF:20
BRH:3
end_of_record
